
real	0m0.041s
user	0m0.056s
sys	0m0.004s
date: invalid date `-   ago'
trying to remove /scratch/3923481.clusman0a.frank.sam.pitt.edu
+---------------------------------------------------------------------+
|                        JOB INFORMATION                              |
+---------------------------------------------------------------------+
|
|  Date      : Sat Mar 18 18:46:32 EDT 2017
|  Job ID    : 3923481.clusman0a.frank.sam.pitt.edu
|  Username  : das227
|  Group     : cs1645-2017s
|  Job Name  : das227_lab3
|  Session   : 22507
|  Limits    : neednodes=1:ppn=2,nodes=1:ppn=2,pmem=2666mb,walltime=00:10:00
|  Resources : cput=00:00:00,energy_used=0,mem=6292kb,vmem=44024kb,walltime=00:00:00
|  Disk      : 4.0K
|  Queue     : nshared
|  Account   : cs1645-2017a
|  Exit code : 20
|  Local scr : /scratch/3923481.clusman0a.frank.sam.pitt.edu
|  Node/cores: 6/2 
|
[---------------------------------------------------------------------]
