
real	0m0.032s
user	0m0.048s
sys	0m0.002s
date: invalid date `-   ago'
trying to remove /scratch/3923483.clusman0a.frank.sam.pitt.edu
+---------------------------------------------------------------------+
|                        JOB INFORMATION                              |
+---------------------------------------------------------------------+
|
|  Date      : Sat Mar 18 18:46:25 EDT 2017
|  Job ID    : 3923483.clusman0a.frank.sam.pitt.edu
|  Username  : das227
|  Group     : cs1645-2017s
|  Job Name  : das227_lab3
|  Session   : 17031
|  Limits    : neednodes=1:ppn=2,nodes=1:ppn=2,pmem=2666mb,walltime=00:10:00
|  Resources : cput=00:00:00,energy_used=0,mem=2784kb,vmem=18612kb,walltime=00:00:00
|  Disk      : 4.0K
|  Queue     : nshared
|  Account   : cs1645-2017a
|  Exit code : 20
|  Local scr : /scratch/3923483.clusman0a.frank.sam.pitt.edu
|  Node/cores: 9/2 
|
[---------------------------------------------------------------------]
